<?xml version="1.0" encoding="UTF-8"?>
<!-- Generated by org.testng.reporters.JUnitReportReporter -->
<testsuite hostname="DESKTOP-7UDQK9U" failures="0" tests="1" name="ppack.LoginTest" time="14.670" errors="0" timestamp="2024-08-01T19:11:14 IST" skipped="0">
  <testcase classname="ppack.LoginTest" name="login" time="14.670"/>
</testsuite> <!-- ppack.LoginTest -->
