<?xml version="1.0" encoding="UTF-8"?>
<!-- Generated by org.testng.reporters.JUnitReportReporter -->
<testsuite hostname="DESKTOP-7UDQK9U" failures="0" tests="1" name="Command.MavenCommand.OneTest" time="23.187" errors="0" timestamp="2024-07-30T15:32:35 IST" skipped="0">
  <testcase classname="Command.MavenCommand.OneTest" name="testOne" time="23.187"/>
</testsuite> <!-- Command.MavenCommand.OneTest -->
