<?xml version="1.0" encoding="UTF-8"?>
<!-- Generated by org.testng.reporters.JUnitReportReporter -->
<testsuite hostname="DESKTOP-7UDQK9U" failures="0" tests="1" name="Reports.ExtendReport.DemoTest" time="15.043" errors="0" timestamp="2024-07-31T14:24:55 IST" skipped="0">
  <testcase classname="Reports.ExtendReport.DemoTest" name="TestOne" time="15.043"/>
</testsuite> <!-- Reports.ExtendReport.DemoTest -->
