<?xml version="1.0" encoding="UTF-8"?>
<!-- Generated by org.testng.reporters.JUnitReportReporter -->
<testsuite hostname="DESKTOP-7UDQK9U" failures="0" tests="1" name="Command.MavenCommand.ThreeTest" time="0.001" errors="0" timestamp="2024-07-30T18:27:26 IST" skipped="0">
  <testcase classname="Command.MavenCommand.ThreeTest" name="mThree" time="0.001"/>
</testsuite> <!-- Command.MavenCommand.ThreeTest -->
