<?xml version="1.0" encoding="UTF-8"?>
<!-- Generated by org.testng.reporters.JUnitReportReporter -->
<testsuite hostname="DESKTOP-7UDQK9U" failures="0" tests="1" name="Command.MavenCommand.FourTest" time="0.006" errors="0" timestamp="2024-07-30T18:27:26 IST" skipped="0">
  <testcase classname="Command.MavenCommand.FourTest" name="mFour" time="0.006"/>
</testsuite> <!-- Command.MavenCommand.FourTest -->
