<?xml version="1.0" encoding="UTF-8"?>
<!-- Generated by org.testng.reporters.JUnitReportReporter -->
<testsuite hostname="DESKTOP-7UDQK9U" failures="0" tests="4" name="testnj.ClassOne" time="155.407" errors="0" timestamp="2024-07-29T15:35:30 IST" skipped="0">
  <testcase classname="testnj.ClassOne" name="testOneD" time="70.464"/>
  <testcase classname="testnj.ClassOne" name="testOneA" time="16.911"/>
  <testcase classname="testnj.ClassOne" name="testOneB" time="19.660"/>
  <testcase classname="testnj.ClassOne" name="testOneC" time="48.372"/>
</testsuite> <!-- testnj.ClassOne -->
