<?xml version="1.0" encoding="UTF-8"?>
<!-- Generated by org.testng.reporters.JUnitReportReporter -->
<testsuite hostname="DESKTOP-7UDQK9U" failures="0" tests="1" name="epack.ClassFour" time="13.658" errors="0" timestamp="2024-07-29T15:35:30 IST" skipped="0">
  <testcase classname="epack.ClassFour" name="testFour" time="13.658"/>
</testsuite> <!-- epack.ClassFour -->
