<?xml version="1.0" encoding="UTF-8"?>
<!-- Generated by org.testng.reporters.JUnitReportReporter -->
<testsuite hostname="DESKTOP-7UDQK9U" failures="0" tests="1" name="testnj.ClassThree" time="0.003" errors="0" timestamp="2024-07-29T15:15:57 IST" skipped="0">
  <testcase classname="testnj.ClassThree" name="testThree" time="0.003"/>
</testsuite> <!-- testnj.ClassThree -->
