<?xml version="1.0" encoding="UTF-8"?>
<!-- Generated by org.testng.reporters.JUnitReportReporter -->
<testsuite hostname="DESKTOP-7UDQK9U" failures="0" tests="3" name="testnj.Demo" time="0.035" errors="0" timestamp="2024-07-26T13:17:55 IST" skipped="0">
  <testcase classname="testnj.Demo" name="registration" time="0.012"/>
  <testcase classname="testnj.Demo" name="login" time="0.011"/>
  <testcase classname="testnj.Demo" name="purchase" time="0.012"/>
</testsuite> <!-- testnj.Demo -->
