<?xml version="1.0" encoding="UTF-8"?>
<!-- Generated by org.testng.reporters.JUnitReportReporter -->
<testsuite hostname="DESKTOP-7UDQK9U" failures="0" tests="1" name="testnj.Testnj1" time="36.146" errors="0" timestamp="2024-07-25T19:20:55 IST" skipped="0">
  <testcase classname="testnj.Testnj1" name="TestNgAutomtion" time="36.146"/>
</testsuite> <!-- testnj.Testnj1 -->
